<?xml version="1.0" encoding="utf-8"?><testsuites><testsuite name="pytest" errors="0" failures="0" skipped="0" tests="46" time="21.681" timestamp="2026-08-27T02:53:05.339889+00:00" hostname="agent-env-9dce79ed-fad0-4470-bf15-15eb848db799"><testcase classname="tests.test_api" name="test_health_publico" time="0.252" /><testcase classname="tests.test_api" name="test_calcular_sem_auth_401" time="0.250" /><testcase classname="tests.test_api" name="test_e2e_golden_admin" time="0.516" /><testcase classname="tests.test_api" name="test_e2e_golden_fiscal" time="1.283" /><testcase classname="tests.test_api" name="test_auditoria_client_nao_calcula" time="1.250" /><testcase classname="tests.test_api" name="test_rulesets_publico" time="0.264" /><testcase classname="tests.test_golden" name="test_resolucao_ruleset_por_data" time="0.000" /><testcase classname="tests.test_golden" name="test_hash_ruleset_deterministico" time="0.000" /><testcase classname="tests.test_golden" name="test_caso_ouro_1_tributacao_integral" time="0.000" /><testcase classname="tests.test_golden" name="test_caso_ouro_2_reducao_60pct" time="0.000" /><testcase classname="tests.test_golden" name="test_caso_ouro_3_is_na_base" time="0.000" /><testcase classname="tests.test_golden" name="test_totais_batem_com_contrato" time="0.000" /><testcase classname="tests.test_golden" name="test_determinismo" time="0.001" /><testcase classname="tests.test_golden" name="test_precisao_decimal_sem_float" time="0.000" /><testcase classname="tests.test_golden" name="test_cclasstrib_desconhecido_falha" time="0.000" /><testcase classname="tests.test_golden" name="test_fase_teste_ruleset" time="0.000" /><testcase classname="tests.test_golden" name="test_desconto_e_acrescimos_na_base" time="0.000" /><testcase classname="tests.test_modulo2" name="test_login_ok" time="0.502" /><testcase classname="tests.test_modulo2" name="test_login_credenciais_invalidas" time="0.502" /><testcase classname="tests.test_modulo2" name="test_me_sem_login_401" time="0.252" /><testcase classname="tests.test_modulo2" name="test_register_apenas_admin" time="1.250" /><testcase classname="tests.test_modulo2" name="test_admin_lista_usuarios" time="0.509" /><testcase classname="tests.test_modulo2" name="test_importar_saida_ok" time="1.268" /><testcase classname="tests.test_modulo2" name="test_reimportar_mesma_chave_409" time="1.293" /><testcase classname="tests.test_modulo2" name="test_xml_invalido_422" time="1.262" /><testcase classname="tests.test_modulo2" name="test_auditoria_nao_importa" time="1.278" /><testcase classname="tests.test_modulo2" name="test_apuracao_debitos_menos_creditos" time="1.291" /><testcase classname="tests.test_modulo2" name="test_ledger_apenas_auditoria_e_admin" time="2.072" /><testcase classname="tests.test_modulo2" name="test_ledger_verificar_integridade" time="0.512" /><testcase classname="tests.test_modulo2" name="test_ledger_encadeamento_correto" time="0.512" /><testcase classname="tests.test_modulo2" name="test_ledger_detecta_adulteracao" time="0.520" /><testcase classname="tests.test_modulo2_external" name="test_login_wrong_password_401" time="0.477" /><testcase classname="tests.test_modulo2_external" name="test_me_without_bearer_401" time="0.181" /><testcase classname="tests.test_modulo2_external" name="test_me_with_bearer_ok" time="0.554" /><testcase classname="tests.test_modulo2_external" name="test_register_fiscal_forbidden" time="0.971" /><testcase classname="tests.test_modulo2_external" name="test_calcular_sem_auth_401" time="0.134" /><testcase classname="tests.test_modulo2_external" name="test_calcular_golden" time="0.141" /><testcase classname="tests.test_modulo2_external" name="test_importar_saida_ok" time="0.148" /><testcase classname="tests.test_modulo2_external" name="test_importar_duplicado_409" time="0.350" /><testcase classname="tests.test_modulo2_external" name="test_importar_xml_invalido_422" time="0.123" /><testcase classname="tests.test_modulo2_external" name="test_importar_auditoria_403" time="0.909" /><testcase classname="tests.test_modulo2_external" name="test_apuracao_periodo" time="0.151" /><testcase classname="tests.test_modulo2_external" name="test_ledger_fiscal_forbidden" time="0.164" /><testcase classname="tests.test_modulo2_external" name="test_ledger_auditoria_ok" time="0.150" /><testcase classname="tests.test_modulo2_external" name="test_ledger_hash_chain" time="0.123" /><testcase classname="tests.test_modulo2_external" name="test_ledger_verificar_ok" time="0.191" /></testsuite></testsuites>