<?xml version="1.0" encoding="utf-8"?><testsuites><testsuite name="pytest" errors="0" failures="1" skipped="0" tests="18" time="3.848" timestamp="2026-08-27T02:58:56.990809+00:00" hostname="agent-env-9dce79ed-fad0-4470-bf15-15eb848db799"><testcase classname="tests.test_samples" name="test_list_samples_requires_auth" time="0.317" /><testcase classname="tests.test_samples" name="test_list_samples_returns_six" time="0.529" /><testcase classname="tests.test_samples" name="test_download_each_sample[01-cadeira-integral.xml]" time="0.118" /><testcase classname="tests.test_samples" name="test_download_each_sample[02-medicamento-reducao60.xml]" time="0.147" /><testcase classname="tests.test_samples" name="test_download_each_sample[03-bebida-imposto-seletivo.xml]" time="0.124" /><testcase classname="tests.test_samples" name="test_download_each_sample[04-nota-completa-3-itens.xml]" time="0.108" /><testcase classname="tests.test_samples" name="test_download_each_sample[05-entrada-fornecedor.xml]" time="0.114" /><testcase classname="tests.test_samples" name="test_download_each_sample[06-fase-teste-2026.xml]" time="0.123" /><testcase classname="tests.test_samples" name="test_download_first_sample_contents" time="0.116" /><testcase classname="tests.test_samples" name="test_path_traversal_blocked_dotdot" time="0.163" /><testcase classname="tests.test_samples" name="test_path_traversal_blocked_encoded" time="0.177" /><testcase classname="tests.test_samples" name="test_non_xml_blocked" time="0.138" /><testcase classname="tests.test_samples" name="test_missing_sample_returns_404" time="0.102" /><testcase classname="tests.test_samples" name="test_import_04_nota_completa_golden" time="0.244" /><testcase classname="tests.test_samples" name="test_import_06_fase_teste_ruleset" time="0.311" /><testcase classname="tests.test_samples" name="test_import_03_imposto_seletivo_na_base" time="0.272" /><testcase classname="tests.test_samples" name="test_import_04_idempotency" time="0.513" /><testcase classname="tests.test_samples" name="test_regression_golden_calc" time="0.135"><failure message="AssertionError: {&quot;detail&quot;:[{&quot;type&quot;:&quot;missing&quot;,&quot;loc&quot;:[&quot;body&quot;,&quot;referencia&quot;],&quot;msg&quot;:&quot;Field required&quot;,&quot;input&quot;:{&quot;dataOperacao&quot;:&quot;2026-08-26&quot;,&quot;itens&quot;:[{&quot;id&quot;:&quot;i1&quot;,&quot;codigo&quot;:&quot;CAD&quot;,&quot;descricao&quot;:&quot;Cadeira&quot;,&quot;quantidade&quot;:&quot;1&quot;,&quot;valorUnitario&quot;:&quot;1000.00&quot;,&quot;classificacao&quot;:&quot;integral&quot;},{&quot;id&quot;:&quot;i2&quot;,&quot;codigo&quot;:&quot;MED&quot;,&quot;descricao&quot;:&quot;Medicamento&quot;,&quot;quantidade&quot;:&quot;1&quot;,&quot;valorUnitario&quot;:&quot;500.00&quot;,&quot;classificacao&quot;:&quot;reducao60&quot;},{&quot;id&quot;:&quot;i3&quot;,&quot;codigo&quot;:&quot;BEB&quot;,&quot;descricao&quot;:&quot;Bebida&quot;,&quot;quantidade&quot;:&quot;1&quot;,&quot;valorUnitario&quot;:&quot;200.00&quot;,&quot;classificacao&quot;:&quot;integral&quot;,&quot;impostoSeletivoAliquota&quot;:&quot;0.10&quot;}]}},{&quot;type&quot;:&quot;missing&quot;,&quot;loc&quot;:[&quot;body&quot;,&quot;modo&quot;],&quot;msg&quot;:&quot;Field required&quot;,&quot;input&quot;:{&quot;dataOperacao&quot;:&quot;2026-08-26&quot;,&quot;itens&quot;:[{&quot;id&quot;:&quot;i1&quot;,&quot;codigo&quot;:&quot;CAD&quot;,&quot;descricao&quot;:&quot;Cadeira&quot;,&quot;quantidade&quot;:&quot;1&quot;,&quot;valorUnitario&quot;:&quot;1000.00&quot;,&quot;classificacao&quot;:&quot;integral&quot;},{&quot;id&quot;:&quot;i2&quot;,&quot;codigo&quot;:&quot;MED&quot;,&quot;descricao&quot;:&quot;Medicamento&quot;,&quot;quantidade&quot;:&quot;1&quot;,&quot;valorUnitario&quot;:&quot;500.00&quot;,&quot;classificacao&quot;:&quot;reducao60&quot;},{&quot;id&quot;:&quot;i3&quot;,&quot;codigo&quot;:&quot;BEB&quot;,&quot;descricao&quot;:&quot;Bebida&quot;,&quot;quantidade&quot;:&quot;1&quot;,&quot;valorUnitario&quot;:&quot;200.00&quot;,&quot;classificacao&quot;:&quot;integral&quot;,&quot;impostoSeletivoAliquota&quot;:&quot;0.10&quot;}]}},{&quot;type&quot;:&quot;missing&quot;,&quot;loc&quot;:[&quot;body&quot;,&quot;estabelecimento&quot;],&quot;msg&quot;:&quot;Field required&quot;,&quot;input&quot;:{&quot;dataOperacao&quot;:&quot;2026-08-26&quot;,&quot;itens&quot;:[{&quot;id&quot;:&quot;i1&quot;,&quot;codigo&quot;:&quot;CAD&quot;,&quot;descricao&quot;:&quot;Cadeira&quot;,&quot;quantidade&quot;:&quot;1&quot;,&quot;valorUnitario&quot;:&quot;1000.00&quot;,&quot;classificacao&quot;:&quot;integral&quot;},{&quot;id&quot;:&quot;i2&quot;,&quot;codigo&quot;:&quot;MED&quot;,&quot;descricao&quot;:&quot;Medicamento&quot;,&quot;quantidade&quot;:&quot;1&quot;,&quot;valorUnitario&quot;:&quot;500.00&quot;,&quot;classificacao&quot;:&quot;reducao60&quot;},{&quot;id&quot;:&quot;i3&quot;,&quot;codigo&quot;:&quot;BEB&quot;,&quot;descricao&quot;:&quot;Bebida&quot;,&quot;quantidade&quot;:&quot;1&quot;,&quot;valorUnitario&quot;:&quot;200.00&quot;,&quot;classificacao&quot;:&quot;integral&quot;,&quot;impostoSeletivoAliquota&quot;:&quot;0.10&quot;}]}},{&quot;type&quot;:&quot;missing&quot;,&quot;loc&quot;:[&quot;body&quot;,&quot;destinatario&quot;],&quot;msg&quot;:&quot;Field required&quot;,&quot;input&quot;:{&quot;dataOperacao&quot;:&quot;2026-08-26&quot;,&quot;itens&quot;:[{&quot;id&quot;:&quot;i1&quot;,&quot;codigo&quot;:&quot;CAD&quot;,&quot;descricao&quot;:&quot;Cadeira&quot;,&quot;quantidade&quot;:&quot;1&quot;,&quot;valorUnitario&quot;:&quot;1000.00&quot;,&quot;classificacao&quot;:&quot;integral&quot;},{&quot;id&quot;:&quot;i2&quot;,&quot;codigo&quot;:&quot;MED&quot;,&quot;descricao&quot;:&quot;Medicamento&quot;,&quot;quantidade&quot;:&quot;1&quot;,&quot;valorUnitario&quot;:&quot;500.00&quot;,&quot;classificacao&quot;:&quot;reducao60&quot;},{&quot;id&quot;:&quot;i3&quot;,&quot;codigo&quot;:&quot;BEB&quot;,&quot;descricao&quot;:&quot;Bebida&quot;,&quot;quantidade&quot;:&quot;1&quot;,&quot;valorUnitario&quot;:&quot;200.00&quot;,&quot;classificacao&quot;:&quot;integral&quot;,&quot;impostoSeletivoAliquota&quot;:&quot;0.10&quot;}]}},{&quot;type&quot;:&quot;missing&quot;,&quot;loc&quot;:[&quot;body&quot;,&quot;operacao&quot;],&quot;msg&quot;:&quot;Field required&quot;,&quot;input&quot;:{&quot;dataOperacao&quot;:&quot;2026-08-26&quot;,&quot;itens&quot;:[{&quot;id&quot;:&quot;i1&quot;,&quot;codigo&quot;:&quot;CAD&quot;,&quot;descricao&quot;:&quot;Cadeira&quot;,&quot;quantidade&quot;:&quot;1&quot;,&quot;valorUnitario&quot;:&quot;1000.00&quot;,&quot;classificacao&quot;:&quot;integral&quot;},{&quot;id&quot;:&quot;i2&quot;,&quot;codigo&quot;:&quot;MED&quot;,&quot;descricao&quot;:&quot;Medicamento&quot;,&quot;quantidade&quot;:&quot;1&quot;,&quot;valorUnitario&quot;:&quot;500.00&quot;,&quot;classificacao&quot;:&quot;reducao60&quot;},{&quot;id&quot;:&quot;i3&quot;,&quot;codigo&quot;:&quot;BEB&quot;,&quot;descricao&quot;:&quot;Bebida&quot;,&quot;quantidade&quot;:&quot;1&quot;,&quot;valorUnitario&quot;:&quot;200.00&quot;,&quot;classificacao&quot;:&quot;integral&quot;,&quot;impostoSeletivoAliquota&quot;:&quot;0.10&quot;}]}},{&quot;type&quot;:&quot;missing&quot;,&quot;loc&quot;:[&quot;body&quot;,&quot;itens&quot;,0,&quot;numero&quot;],&quot;msg&quot;:&quot;Field required&quot;,&quot;input&quot;:{&quot;id&quot;:&quot;i1&quot;,&quot;codigo&quot;:&quot;CAD&quot;,&quot;descricao&quot;:&quot;Cadeira&quot;,&quot;quantidade&quot;:&quot;1&quot;,&quot;valorUnitario&quot;:&quot;1000.00&quot;,&quot;classificacao&quot;:&quot;integral&quot;}},{&quot;type&quot;:&quot;missing&quot;,&quot;loc&quot;:[&quot;body&quot;,&quot;itens&quot;,0,&quot;cClassTrib&quot;],&quot;msg&quot;:&quot;Field required&quot;,&quot;input&quot;:{&quot;id&quot;:&quot;i1&quot;,&quot;codigo&quot;:&quot;CAD&quot;,&quot;descricao&quot;:&quot;Cadeira&quot;,&quot;quantidade&quot;:&quot;1&quot;,&quot;valorUnitario&quot;:&quot;1000.00&quot;,&quot;classificacao&quot;:&quot;integral&quot;}},{&quot;type&quot;:&quot;missing&quot;,&quot;loc&quot;:[&quot;body&quot;,&quot;itens&quot;,0,&quot;valorItem&quot;],&quot;msg&quot;:&quot;Field required&quot;,&quot;input&quot;:{&quot;id&quot;:&quot;i1&quot;,&quot;codigo&quot;:&quot;CAD&quot;,&quot;descricao&quot;:&quot;Cadeira&quot;,&quot;quantidade&quot;:&quot;1&quot;,&quot;valorUnitario&quot;:&quot;1000.00&quot;,&quot;classificacao&quot;:&quot;integral&quot;}},{&quot;type&quot;:&quot;missing&quot;,&quot;loc&quot;:[&quot;body&quot;,&quot;itens&quot;,1,&quot;numero&quot;],&quot;msg&quot;:&quot;Field required&quot;,&quot;input&quot;:{&quot;id&quot;:&quot;i2&quot;,&quot;codigo&quot;:&quot;MED&quot;,&quot;descricao&quot;:&quot;Medicamento&quot;,&quot;quantidade&quot;:&quot;1&quot;,&quot;valorUnitario&quot;:&quot;500.00&quot;,&quot;classificacao&quot;:&quot;reducao60&quot;}},{&quot;type&quot;:&quot;missing&quot;,&quot;loc&quot;:[&quot;body&quot;,&quot;itens&quot;,1,&quot;cClassTrib&quot;],&quot;msg&quot;:&quot;Field required&quot;,&quot;input&quot;:{&quot;id&quot;:&quot;i2&quot;,&quot;codigo&quot;:&quot;MED&quot;,&quot;descricao&quot;:&quot;Medicamento&quot;,&quot;quantidade&quot;:&quot;1&quot;,&quot;valorUnitario&quot;:&quot;500.00&quot;,&quot;classificacao&quot;:&quot;reducao60&quot;}},{&quot;type&quot;:&quot;missing&quot;,&quot;loc&quot;:[&quot;body&quot;,&quot;itens&quot;,1,&quot;valorItem&quot;],&quot;msg&quot;:&quot;Field required&quot;,&quot;input&quot;:{&quot;id&quot;:&quot;i2&quot;,&quot;codigo&quot;:&quot;MED&quot;,&quot;descricao&quot;:&quot;Medicamento&quot;,&quot;quantidade&quot;:&quot;1&quot;,&quot;valorUnitario&quot;:&quot;500.00&quot;,&quot;classificacao&quot;:&quot;reducao60&quot;}},{&quot;type&quot;:&quot;missing&quot;,&quot;loc&quot;:[&quot;body&quot;,&quot;itens&quot;,2,&quot;numero&quot;],&quot;msg&quot;:&quot;Field required&quot;,&quot;input&quot;:{&quot;id&quot;:&quot;i3&quot;,&quot;codigo&quot;:&quot;BEB&quot;,&quot;descricao&quot;:&quot;Bebida&quot;,&quot;quantidade&quot;:&quot;1&quot;,&quot;valorUnitario&quot;:&quot;200.00&quot;,&quot;classificacao&quot;:&quot;integral&quot;,&quot;impostoSeletivoAliquota&quot;:&quot;0.10&quot;}},{&quot;type&quot;:&quot;missing&quot;,&quot;loc&quot;:[&quot;body&quot;,&quot;itens&quot;,2,&quot;cClassTrib&quot;],&quot;msg&quot;:&quot;Field required&quot;,&quot;input&quot;:{&quot;id&quot;:&quot;i3&quot;,&quot;codigo&quot;:&quot;BEB&quot;,&quot;descricao&quot;:&quot;Bebida&quot;,&quot;quantidade&quot;:&quot;1&quot;,&quot;valorUnitario&quot;:&quot;200.00&quot;,&quot;classificacao&quot;:&quot;integral&quot;,&quot;impostoSeletivoAliquota&quot;:&quot;0.10&quot;}},{&quot;type&quot;:&quot;missing&quot;,&quot;loc&quot;:[&quot;body&quot;,&quot;itens&quot;,2,&quot;valorItem&quot;],&quot;msg&quot;:&quot;Field required&quot;,&quot;input&quot;:{&quot;id&quot;:&quot;i3&quot;,&quot;codigo&quot;:&quot;BEB&quot;,&quot;descricao&quot;:&quot;Bebida&quot;,&quot;quantidade&quot;:&quot;1&quot;,&quot;valorUnitario&quot;:&quot;200.00&quot;,&quot;classificacao&quot;:&quot;integral&quot;,&quot;impostoSeletivoAliquota&quot;:&quot;0.10&quot;}}]}&#10;assert 422 == 200&#10; +  where 422 = &lt;Response [422]&gt;.status_code">backend/tests/test_samples.py:215: in test_regression_golden_calc
    assert r.status_code == 200, r.text
E   AssertionError: {"detail":[{"type":"missing","loc":["body","referencia"],"msg":"Field required","input":{"dataOperacao":"2026-08-26","itens":[{"id":"i1","codigo":"CAD","descricao":"Cadeira","quantidade":"1","valorUnitario":"1000.00","classificacao":"integral"},{"id":"i2","codigo":"MED","descricao":"Medicamento","quantidade":"1","valorUnitario":"500.00","classificacao":"reducao60"},{"id":"i3","codigo":"BEB","descricao":"Bebida","quantidade":"1","valorUnitario":"200.00","classificacao":"integral","impostoSeletivoAliquota":"0.10"}]}},{"type":"missing","loc":["body","modo"],"msg":"Field required","input":{"dataOperacao":"2026-08-26","itens":[{"id":"i1","codigo":"CAD","descricao":"Cadeira","quantidade":"1","valorUnitario":"1000.00","classificacao":"integral"},{"id":"i2","codigo":"MED","descricao":"Medicamento","quantidade":"1","valorUnitario":"500.00","classificacao":"reducao60"},{"id":"i3","codigo":"BEB","descricao":"Bebida","quantidade":"1","valorUnitario":"200.00","classificacao":"integral","impostoSeletivoAliquota":"0.10"}]}},{"type":"missing","loc":["body","estabelecimento"],"msg":"Field required","input":{"dataOperacao":"2026-08-26","itens":[{"id":"i1","codigo":"CAD","descricao":"Cadeira","quantidade":"1","valorUnitario":"1000.00","classificacao":"integral"},{"id":"i2","codigo":"MED","descricao":"Medicamento","quantidade":"1","valorUnitario":"500.00","classificacao":"reducao60"},{"id":"i3","codigo":"BEB","descricao":"Bebida","quantidade":"1","valorUnitario":"200.00","classificacao":"integral","impostoSeletivoAliquota":"0.10"}]}},{"type":"missing","loc":["body","destinatario"],"msg":"Field required","input":{"dataOperacao":"2026-08-26","itens":[{"id":"i1","codigo":"CAD","descricao":"Cadeira","quantidade":"1","valorUnitario":"1000.00","classificacao":"integral"},{"id":"i2","codigo":"MED","descricao":"Medicamento","quantidade":"1","valorUnitario":"500.00","classificacao":"reducao60"},{"id":"i3","codigo":"BEB","descricao":"Bebida","quantidade":"1","valorUnitario":"200.00","classificacao":"integral","impostoSeletivoAliquota":"0.10"}]}},{"type":"missing","loc":["body","operacao"],"msg":"Field required","input":{"dataOperacao":"2026-08-26","itens":[{"id":"i1","codigo":"CAD","descricao":"Cadeira","quantidade":"1","valorUnitario":"1000.00","classificacao":"integral"},{"id":"i2","codigo":"MED","descricao":"Medicamento","quantidade":"1","valorUnitario":"500.00","classificacao":"reducao60"},{"id":"i3","codigo":"BEB","descricao":"Bebida","quantidade":"1","valorUnitario":"200.00","classificacao":"integral","impostoSeletivoAliquota":"0.10"}]}},{"type":"missing","loc":["body","itens",0,"numero"],"msg":"Field required","input":{"id":"i1","codigo":"CAD","descricao":"Cadeira","quantidade":"1","valorUnitario":"1000.00","classificacao":"integral"}},{"type":"missing","loc":["body","itens",0,"cClassTrib"],"msg":"Field required","input":{"id":"i1","codigo":"CAD","descricao":"Cadeira","quantidade":"1","valorUnitario":"1000.00","classificacao":"integral"}},{"type":"missing","loc":["body","itens",0,"valorItem"],"msg":"Field required","input":{"id":"i1","codigo":"CAD","descricao":"Cadeira","quantidade":"1","valorUnitario":"1000.00","classificacao":"integral"}},{"type":"missing","loc":["body","itens",1,"numero"],"msg":"Field required","input":{"id":"i2","codigo":"MED","descricao":"Medicamento","quantidade":"1","valorUnitario":"500.00","classificacao":"reducao60"}},{"type":"missing","loc":["body","itens",1,"cClassTrib"],"msg":"Field required","input":{"id":"i2","codigo":"MED","descricao":"Medicamento","quantidade":"1","valorUnitario":"500.00","classificacao":"reducao60"}},{"type":"missing","loc":["body","itens",1,"valorItem"],"msg":"Field required","input":{"id":"i2","codigo":"MED","descricao":"Medicamento","quantidade":"1","valorUnitario":"500.00","classificacao":"reducao60"}},{"type":"missing","loc":["body","itens",2,"numero"],"msg":"Field required","input":{"id":"i3","codigo":"BEB","descricao":"Bebida","quantidade":"1","valorUnitario":"200.00","classificacao":"integral","impostoSeletivoAliquota":"0.10"}},{"type":"missing","loc":["body","itens",2,"cClassTrib"],"msg":"Field required","input":{"id":"i3","codigo":"BEB","descricao":"Bebida","quantidade":"1","valorUnitario":"200.00","classificacao":"integral","impostoSeletivoAliquota":"0.10"}},{"type":"missing","loc":["body","itens",2,"valorItem"],"msg":"Field required","input":{"id":"i3","codigo":"BEB","descricao":"Bebida","quantidade":"1","valorUnitario":"200.00","classificacao":"integral","impostoSeletivoAliquota":"0.10"}}]}
E   assert 422 == 200
E    +  where 422 = &lt;Response [422]&gt;.status_code</failure></testcase></testsuite></testsuites>