<?xml version="1.0" encoding="utf-8"?><testsuites><testsuite name="pytest" errors="0" failures="0" skipped="0" tests="15" time="4.704" timestamp="2026-08-27T02:43:42.240125+00:00" hostname="agent-env-9dce79ed-fad0-4470-bf15-15eb848db799"><testcase classname="tests.test_modulo2_external" name="test_login_wrong_password_401" time="0.413" /><testcase classname="tests.test_modulo2_external" name="test_me_without_bearer_401" time="0.119" /><testcase classname="tests.test_modulo2_external" name="test_me_with_bearer_ok" time="0.532" /><testcase classname="tests.test_modulo2_external" name="test_register_fiscal_forbidden" time="0.918" /><testcase classname="tests.test_modulo2_external" name="test_calcular_sem_auth_401" time="0.130" /><testcase classname="tests.test_modulo2_external" name="test_calcular_golden" time="0.210" /><testcase classname="tests.test_modulo2_external" name="test_importar_saida_ok" time="0.198" /><testcase classname="tests.test_modulo2_external" name="test_importar_duplicado_409" time="0.251" /><testcase classname="tests.test_modulo2_external" name="test_importar_xml_invalido_422" time="0.201" /><testcase classname="tests.test_modulo2_external" name="test_importar_auditoria_403" time="0.907" /><testcase classname="tests.test_modulo2_external" name="test_apuracao_periodo" time="0.193" /><testcase classname="tests.test_modulo2_external" name="test_ledger_fiscal_forbidden" time="0.161" /><testcase classname="tests.test_modulo2_external" name="test_ledger_auditoria_ok" time="0.143" /><testcase classname="tests.test_modulo2_external" name="test_ledger_hash_chain" time="0.136" /><testcase classname="tests.test_modulo2_external" name="test_ledger_verificar_ok" time="0.127" /></testsuite></testsuites>