<?xml version="1.0" encoding="utf-8"?><testsuites><testsuite name="pytest" errors="0" failures="0" skipped="0" tests="17" time="0.427" timestamp="2026-08-27T00:45:44.614103+00:00" hostname="agent-env-9dce79ed-fad0-4470-bf15-15eb848db799"><testcase classname="tests.test_api" name="test_health" time="0.013" /><testcase classname="tests.test_api" name="test_e2e_contrato_bate_numero_por_numero" time="0.016" /><testcase classname="tests.test_api" name="test_sem_ruleset_vigente_422" time="0.010" /><testcase classname="tests.test_api" name="test_cclasstrib_desconhecido_422" time="0.010" /><testcase classname="tests.test_api" name="test_auditoria_reproduzivel" time="0.039" /><testcase classname="tests.test_api" name="test_rulesets_listagem" time="0.009" /><testcase classname="tests.test_golden" name="test_resolucao_ruleset_por_data" time="0.000" /><testcase classname="tests.test_golden" name="test_hash_ruleset_deterministico" time="0.000" /><testcase classname="tests.test_golden" name="test_caso_ouro_1_tributacao_integral" time="0.000" /><testcase classname="tests.test_golden" name="test_caso_ouro_2_reducao_60pct" time="0.000" /><testcase classname="tests.test_golden" name="test_caso_ouro_3_is_na_base" time="0.000" /><testcase classname="tests.test_golden" name="test_totais_batem_com_contrato" time="0.000" /><testcase classname="tests.test_golden" name="test_determinismo" time="0.001" /><testcase classname="tests.test_golden" name="test_precisao_decimal_sem_float" time="0.000" /><testcase classname="tests.test_golden" name="test_cclasstrib_desconhecido_falha" time="0.000" /><testcase classname="tests.test_golden" name="test_fase_teste_ruleset" time="0.000" /><testcase classname="tests.test_golden" name="test_desconto_e_acrescimos_na_base" time="0.000" /></testsuite></testsuites>